# JRE version: Java(TM) SE Runtime Environment (8.0_211-b12) (build 1.8.0_211-b12)
# Java VM: Java HotSpot(TM) 64-Bit Server VM (25.211-b12 mixed mode windows-amd64 compressed oops)
Heap:
 PSYoungGen      total 141312K, used 43142K [0x00000000daf00000, 0x00000000e4580000, 0x0000000100000000)
  eden space 131584K, 27% used [0x00000000daf00000,0x00000000dd1eb740,0x00000000e2f80000)
  from space 9728K, 75% used [0x00000000e3c00000,0x00000000e4336158,0x00000000e4580000)
  to   space 11264K, 0% used [0x00000000e2f80000,0x00000000e2f80000,0x00000000e3a80000)
 ParOldGen       total 77312K, used 13460K [0x0000000090c00000, 0x0000000095780000, 0x00000000daf00000)
  object space 77312K, 17% used [0x0000000090c00000,0x0000000091925380,0x0000000095780000)
 Metaspace       used 41882K, capacity 43662K, committed 43952K, reserved 1087488K
  class space    used 5373K, capacity 5701K, committed 5808K, reserved 1048576K
GC Heap History (10 events):
Event: 2.392 GC heap before
{Heap before GC invocations=6 (full 1):
 PSYoungGen      total 61952K, used 57344K [0x00000000daf00000, 0x00000000df000000, 0x0000000100000000)
  eden space 57344K, 100% used [0x00000000daf00000,0x00000000de700000,0x00000000de700000)
  from space 4608K, 0% used [0x00000000deb80000,0x00000000deb80000,0x00000000df000000)
  to   space 4608K, 0% used [0x00000000de700000,0x00000000de700000,0x00000000deb80000)
 ParOldGen       total 52224K, used 7744K [0x0000000090c00000, 0x0000000093f00000, 0x00000000daf00000)
  object space 52224K, 14% used [0x0000000090c00000,0x0000000091390380,0x0000000093f00000)
 Metaspace       used 25806K, capacity 26658K, committed 26928K, reserved 1073152K
  class space    used 3326K, capacity 3547K, committed 3632K, reserved 1048576K
Event: 2.403 GC heap after
Heap after GC invocations=6 (full 1):
 PSYoungGen      total 61952K, used 4586K [0x00000000daf00000, 0x00000000e1980000, 0x0000000100000000)
  eden space 57344K, 0% used [0x00000000daf00000,0x00000000daf00000,0x00000000de700000)
  from space 4608K, 99% used [0x00000000de700000,0x00000000deb7a930,0x00000000deb80000)
  to   space 9216K, 0% used [0x00000000e1080000,0x00000000e1080000,0x00000000e1980000)
 ParOldGen       total 52224K, used 10508K [0x0000000090c00000, 0x0000000093f00000, 0x00000000daf00000)
  object space 52224K, 20% used [0x0000000090c00000,0x0000000091643220,0x0000000093f00000)
 Metaspace       used 25806K, capacity 26658K, committed 26928K, reserved 1073152K
  class space    used 3326K, capacity 3547K, committed 3632K, reserved 1048576K
}
Event: 3.450 GC heap before
{Heap before GC invocations=7 (full 1):
 PSYoungGen      total 61952K, used 61930K [0x00000000daf00000, 0x00000000e1980000, 0x0000000100000000)
  eden space 57344K, 100% used [0x00000000daf00000,0x00000000de700000,0x00000000de700000)
  from space 4608K, 99% used [0x00000000de700000,0x00000000deb7a930,0x00000000deb80000)
  to   space 9216K, 0% used [0x00000000e1080000,0x00000000e1080000,0x00000000e1980000)
 ParOldGen       total 52224K, used 10508K [0x0000000090c00000, 0x0000000093f00000, 0x00000000daf00000)
  object space 52224K, 20% used [0x0000000090c00000,0x0000000091643220,0x0000000093f00000)
 Metaspace       used 31702K, capacity 32968K, committed 33072K, reserved 1077248K
  class space    used 4093K, capacity 4366K, committed 4400K, reserved 1048576K
Event: 3.463 GC heap after
Heap after GC invocations=7 (full 1):
 PSYoungGen      total 97792K, used 9186K [0x00000000daf00000, 0x00000000e1c00000, 0x0000000100000000)
  eden space 88576K, 0% used [0x00000000daf00000,0x00000000daf00000,0x00000000e0580000)
  from space 9216K, 99% used [0x00000000e1080000,0x00000000e1978890,0x00000000e1980000)
  to   space 11264K, 0% used [0x00000000e0580000,0x00000000e0580000,0x00000000e1080000)
 ParOldGen       total 52224K, used 11808K [0x0000000090c00000, 0x0000000093f00000, 0x00000000daf00000)
  object space 52224K, 22% used [0x0000000090c00000,0x00000000917883d8,0x0000000093f00000)
 Metaspace       used 31702K, capacity 32968K, committed 33072K, reserved 1077248K
  class space    used 4093K, capacity 4366K, committed 4400K, reserved 1048576K
}
Event: 5.304 GC heap before
{Heap before GC invocations=8 (full 1):
 PSYoungGen      total 97792K, used 29196K [0x00000000daf00000, 0x00000000e1c00000, 0x0000000100000000)
  eden space 88576K, 22% used [0x00000000daf00000,0x00000000dc28a850,0x00000000e0580000)
  from space 9216K, 99% used [0x00000000e1080000,0x00000000e1978890,0x00000000e1980000)
  to   space 11264K, 0% used [0x00000000e0580000,0x00000000e0580000,0x00000000e1080000)
 ParOldGen       total 52224K, used 11808K [0x0000000090c00000, 0x0000000093f00000, 0x00000000daf00000)
  object space 52224K, 22% used [0x0000000090c00000,0x00000000917883d8,0x0000000093f00000)
 Metaspace       used 34055K, capacity 35366K, committed 35496K, reserved 1081344K
  class space    used 4345K, capacity 4601K, committed 4656K, reserved 1048576K
Event: 5.312 GC heap after
Heap after GC invocations=8 (full 1):
 PSYoungGen      total 99840K, used 9229K [0x00000000daf00000, 0x00000000e4780000, 0x0000000100000000)
  eden space 88576K, 0% used [0x00000000daf00000,0x00000000daf00000,0x00000000e0580000)
  from space 11264K, 81% used [0x00000000e0580000,0x00000000e0e83600,0x00000000e1080000)
  to   space 11776K, 0% used [0x00000000e3c00000,0x00000000e3c00000,0x00000000e4780000)
 ParOldGen       total 52224K, used 11816K [0x0000000090c00000, 0x0000000093f00000, 0x00000000daf00000)
  object space 52224K, 22% used [0x0000000090c00000,0x000000009178a3d8,0x0000000093f00000)
 Metaspace       used 34055K, capacity 35366K, committed 35496K, reserved 1081344K
  class space    used 4345K, capacity 4601K, committed 4656K, reserved 1048576K
}
Event: 5.312 GC heap before
{Heap before GC invocations=9 (full 2):
 PSYoungGen      total 99840K, used 9229K [0x00000000daf00000, 0x00000000e4780000, 0x0000000100000000)
  eden space 88576K, 0% used [0x00000000daf00000,0x00000000daf00000,0x00000000e0580000)
  from space 11264K, 81% used [0x00000000e0580000,0x00000000e0e83600,0x00000000e1080000)
  to   space 11776K, 0% used [0x00000000e3c00000,0x00000000e3c00000,0x00000000e4780000)
 ParOldGen       total 52224K, used 11816K [0x0000000090c00000, 0x0000000093f00000, 0x00000000daf00000)
  object space 52224K, 22% used [0x0000000090c00000,0x000000009178a3d8,0x0000000093f00000)
 Metaspace       used 34055K, capacity 35366K, committed 35496K, reserved 1081344K
  class space    used 4345K, capacity 4601K, committed 4656K, reserved 1048576K
Event: 5.361 GC heap after
Heap after GC invocations=9 (full 2):
 PSYoungGen      total 99840K, used 0K [0x00000000daf00000, 0x00000000e4780000, 0x0000000100000000)
  eden space 88576K, 0% used [0x00000000daf00000,0x00000000daf00000,0x00000000e0580000)
  from space 11264K, 0% used [0x00000000e0580000,0x00000000e0580000,0x00000000e1080000)
  to   space 11776K, 0% used [0x00000000e3c00000,0x00000000e3c00000,0x00000000e4780000)
 ParOldGen       total 77312K, used 13452K [0x0000000090c00000, 0x0000000095780000, 0x00000000daf00000)
  object space 77312K, 17% used [0x0000000090c00000,0x0000000091923380,0x0000000095780000)
 Metaspace       used 34055K, capacity 35366K, committed 35496K, reserved 1081344K
  class space    used 4345K, capacity 4601K, committed 4656K, reserved 1048576K
}
Event: 6.979 GC heap before
{Heap before GC invocations=10 (full 2):
 PSYoungGen      total 99840K, used 88576K [0x00000000daf00000, 0x00000000e4780000, 0x0000000100000000)
  eden space 88576K, 100% used [0x00000000daf00000,0x00000000e0580000,0x00000000e0580000)
  from space 11264K, 0% used [0x00000000e0580000,0x00000000e0580000,0x00000000e1080000)
  to   space 11776K, 0% used [0x00000000e3c00000,0x00000000e3c00000,0x00000000e4780000)
 ParOldGen       total 77312K, used 13452K [0x0000000090c00000, 0x0000000095780000, 0x00000000daf00000)
  object space 77312K, 17% used [0x0000000090c00000,0x0000000091923380,0x0000000095780000)
 Metaspace       used 40053K, capacity 41574K, committed 41776K, reserved 1085440K
  class space    used 5119K, capacity 5413K, committed 5424K, reserved 1048576K
Event: 6.989 GC heap after
Heap after GC invocations=10 (full 2):
 PSYoungGen      total 141312K, used 7384K [0x00000000daf00000, 0x00000000e4580000, 0x0000000100000000)
  eden space 131584K, 0% used [0x00000000daf00000,0x00000000daf00000,0x00000000e2f80000)
  from space 9728K, 75% used [0x00000000e3c00000,0x00000000e4336158,0x00000000e4580000)
  to   space 11264K, 0% used [0x00000000e2f80000,0x00000000e2f80000,0x00000000e3a80000)
 ParOldGen       total 77312K, used 13460K [0x0000000090c00000, 0x0000000095780000, 0x00000000daf00000)
  object space 77312K, 17% used [0x0000000090c00000,0x0000000091925380,0x0000000095780000)
 Metaspace       used 40053K, capacity 41574K, committed 41776K, reserved 1085440K
  class space    used 5119K, capacity 5413K, committed 5424K, reserved 1048576K
}

