# JRE version: Java(TM) SE Runtime Environment (8.0_211-b12) (build 1.8.0_211-b12)
# Java VM: Java HotSpot(TM) 64-Bit Server VM (25.211-b12 mixed mode windows-amd64 compressed oops)
Heap:
 PSYoungGen      total 160256K, used 122943K [0x00000000daf00000, 0x00000000e6a80000, 0x0000000100000000)
  eden space 147968K, 75% used [0x00000000daf00000,0x00000000e1c2bfa0,0x00000000e3f80000)
  from space 12288K, 90% used [0x00000000e4c80000,0x00000000e5763c78,0x00000000e5880000)
  to   space 13312K, 0% used [0x00000000e3f80000,0x00000000e3f80000,0x00000000e4c80000)
 ParOldGen       total 81408K, used 18462K [0x0000000090c00000, 0x0000000095b80000, 0x00000000daf00000)
  object space 81408K, 22% used [0x0000000090c00000,0x0000000091e078f0,0x0000000095b80000)
 Metaspace       used 48607K, capacity 50572K, committed 50856K, reserved 1093632K
  class space    used 6307K, capacity 6700K, committed 6824K, reserved 1048576K
GC Heap History (10 events):
Event: 1.810 GC heap before
{Heap before GC invocations=6 (full 1):
 PSYoungGen      total 61952K, used 4605K [0x00000000daf00000, 0x00000000e2f00000, 0x0000000100000000)
  eden space 57344K, 0% used [0x00000000daf00000,0x00000000daf00000,0x00000000de700000)
  from space 4608K, 99% used [0x00000000de700000,0x00000000deb7f478,0x00000000deb80000)
  to   space 8192K, 0% used [0x00000000e2700000,0x00000000e2700000,0x00000000e2f00000)
 ParOldGen       total 76800K, used 7439K [0x0000000090c00000, 0x0000000095700000, 0x00000000daf00000)
  object space 76800K, 9% used [0x0000000090c00000,0x0000000091343e40,0x0000000095700000)
 Metaspace       used 20682K, capacity 21204K, committed 21296K, reserved 1067008K
  class space    used 2687K, capacity 2850K, committed 2864K, reserved 1048576K
Event: 1.837 GC heap after
Heap after GC invocations=6 (full 1):
 PSYoungGen      total 61952K, used 0K [0x00000000daf00000, 0x00000000e2f00000, 0x0000000100000000)
  eden space 57344K, 0% used [0x00000000daf00000,0x00000000daf00000,0x00000000de700000)
  from space 4608K, 0% used [0x00000000de700000,0x00000000de700000,0x00000000deb80000)
  to   space 8192K, 0% used [0x00000000e2700000,0x00000000e2700000,0x00000000e2f00000)
 ParOldGen       total 48128K, used 6057K [0x0000000090c00000, 0x0000000093b00000, 0x00000000daf00000)
  object space 48128K, 12% used [0x0000000090c00000,0x00000000911ea7f0,0x0000000093b00000)
 Metaspace       used 20680K, capacity 21198K, committed 21296K, reserved 1067008K
  class space    used 2687K, capacity 2849K, committed 2864K, reserved 1048576K
}
Event: 2.700 GC heap before
{Heap before GC invocations=7 (full 1):
 PSYoungGen      total 61952K, used 57344K [0x00000000daf00000, 0x00000000e2f00000, 0x0000000100000000)
  eden space 57344K, 100% used [0x00000000daf00000,0x00000000de700000,0x00000000de700000)
  from space 4608K, 0% used [0x00000000de700000,0x00000000de700000,0x00000000deb80000)
  to   space 8192K, 0% used [0x00000000e2700000,0x00000000e2700000,0x00000000e2f00000)
 ParOldGen       total 48128K, used 6057K [0x0000000090c00000, 0x0000000093b00000, 0x00000000daf00000)
  object space 48128K, 12% used [0x0000000090c00000,0x00000000911ea7f0,0x0000000093b00000)
 Metaspace       used 25574K, capacity 26408K, committed 26544K, reserved 1073152K
  class space    used 3260K, capacity 3450K, committed 3504K, reserved 1048576K
Event: 2.710 GC heap after
Heap after GC invocations=7 (full 1):
 PSYoungGen      total 100352K, used 6589K [0x00000000daf00000, 0x00000000e2d80000, 0x0000000100000000)
  eden space 93696K, 0% used [0x00000000daf00000,0x00000000daf00000,0x00000000e0a80000)
  from space 6656K, 98% used [0x00000000e2700000,0x00000000e2d6f4a0,0x00000000e2d80000)
  to   space 8192K, 0% used [0x00000000e1d80000,0x00000000e1d80000,0x00000000e2580000)
 ParOldGen       total 48128K, used 6130K [0x0000000090c00000, 0x0000000093b00000, 0x00000000daf00000)
  object space 48128K, 12% used [0x0000000090c00000,0x00000000911fc800,0x0000000093b00000)
 Metaspace       used 25574K, capacity 26408K, committed 26544K, reserved 1073152K
  class space    used 3260K, capacity 3450K, committed 3504K, reserved 1048576K
}
Event: 4.203 GC heap before
{Heap before GC invocations=8 (full 1):
 PSYoungGen      total 100352K, used 97949K [0x00000000daf00000, 0x00000000e2d80000, 0x0000000100000000)
  eden space 93696K, 97% used [0x00000000daf00000,0x00000000e0838128,0x00000000e0a80000)
  from space 6656K, 98% used [0x00000000e2700000,0x00000000e2d6f4a0,0x00000000e2d80000)
  to   space 8192K, 0% used [0x00000000e1d80000,0x00000000e1d80000,0x00000000e2580000)
 ParOldGen       total 48128K, used 6130K [0x0000000090c00000, 0x0000000093b00000, 0x00000000daf00000)
  object space 48128K, 12% used [0x0000000090c00000,0x00000000911fc800,0x0000000093b00000)
 Metaspace       used 34338K, capacity 35320K, committed 35496K, reserved 1079296K
  class space    used 4463K, capacity 4676K, committed 4776K, reserved 1048576K
Event: 4.215 GC heap after
Heap after GC invocations=8 (full 1):
 PSYoungGen      total 121344K, used 8186K [0x00000000daf00000, 0x00000000e5880000, 0x0000000100000000)
  eden space 113152K, 0% used [0x00000000daf00000,0x00000000daf00000,0x00000000e1d80000)
  from space 8192K, 99% used [0x00000000e1d80000,0x00000000e257e890,0x00000000e2580000)
  to   space 12288K, 0% used [0x00000000e4c80000,0x00000000e4c80000,0x00000000e5880000)
 ParOldGen       total 48128K, used 12314K [0x0000000090c00000, 0x0000000093b00000, 0x00000000daf00000)
  object space 48128K, 25% used [0x0000000090c00000,0x0000000091806938,0x0000000093b00000)
 Metaspace       used 34338K, capacity 35320K, committed 35496K, reserved 1079296K
  class space    used 4463K, capacity 4676K, committed 4776K, reserved 1048576K
}
Event: 4.215 GC heap before
{Heap before GC invocations=9 (full 2):
 PSYoungGen      total 121344K, used 8186K [0x00000000daf00000, 0x00000000e5880000, 0x0000000100000000)
  eden space 113152K, 0% used [0x00000000daf00000,0x00000000daf00000,0x00000000e1d80000)
  from space 8192K, 99% used [0x00000000e1d80000,0x00000000e257e890,0x00000000e2580000)
  to   space 12288K, 0% used [0x00000000e4c80000,0x00000000e4c80000,0x00000000e5880000)
 ParOldGen       total 48128K, used 12314K [0x0000000090c00000, 0x0000000093b00000, 0x00000000daf00000)
  object space 48128K, 25% used [0x0000000090c00000,0x0000000091806938,0x0000000093b00000)
 Metaspace       used 34338K, capacity 35320K, committed 35496K, reserved 1079296K
  class space    used 4463K, capacity 4676K, committed 4776K, reserved 1048576K
Event: 4.276 GC heap after
Heap after GC invocations=9 (full 2):
 PSYoungGen      total 121344K, used 0K [0x00000000daf00000, 0x00000000e5880000, 0x0000000100000000)
  eden space 113152K, 0% used [0x00000000daf00000,0x00000000daf00000,0x00000000e1d80000)
  from space 8192K, 0% used [0x00000000e1d80000,0x00000000e1d80000,0x00000000e2580000)
  to   space 12288K, 0% used [0x00000000e4c80000,0x00000000e4c80000,0x00000000e5880000)
 ParOldGen       total 81408K, used 18454K [0x0000000090c00000, 0x0000000095b80000, 0x00000000daf00000)
  object space 81408K, 22% used [0x0000000090c00000,0x0000000091e058f0,0x0000000095b80000)
 Metaspace       used 34338K, capacity 35320K, committed 35496K, reserved 1079296K
  class space    used 4463K, capacity 4676K, committed 4776K, reserved 1048576K
}
Event: 7.565 GC heap before
{Heap before GC invocations=10 (full 2):
 PSYoungGen      total 121344K, used 113152K [0x00000000daf00000, 0x00000000e5880000, 0x0000000100000000)
  eden space 113152K, 100% used [0x00000000daf00000,0x00000000e1d80000,0x00000000e1d80000)
  from space 8192K, 0% used [0x00000000e1d80000,0x00000000e1d80000,0x00000000e2580000)
  to   space 12288K, 0% used [0x00000000e4c80000,0x00000000e4c80000,0x00000000e5880000)
 ParOldGen       total 81408K, used 18454K [0x0000000090c00000, 0x0000000095b80000, 0x00000000daf00000)
  object space 81408K, 22% used [0x0000000090c00000,0x0000000091e058f0,0x0000000095b80000)
 Metaspace       used 44472K, capacity 46106K, committed 46376K, reserved 1089536K
  class space    used 5744K, capacity 6075K, committed 6184K, reserved 1048576K
Event: 7.577 GC heap after
Heap after GC invocations=10 (full 2):
 PSYoungGen      total 160256K, used 11151K [0x00000000daf00000, 0x00000000e6a80000, 0x0000000100000000)
  eden space 147968K, 0% used [0x00000000daf00000,0x00000000daf00000,0x00000000e3f80000)
  from space 12288K, 90% used [0x00000000e4c80000,0x00000000e5763c78,0x00000000e5880000)
  to   space 13312K, 0% used [0x00000000e3f80000,0x00000000e3f80000,0x00000000e4c80000)
 ParOldGen       total 81408K, used 18462K [0x0000000090c00000, 0x0000000095b80000, 0x00000000daf00000)
  object space 81408K, 22% used [0x0000000090c00000,0x0000000091e078f0,0x0000000095b80000)
 Metaspace       used 44472K, capacity 46106K, committed 46376K, reserved 1089536K
  class space    used 5744K, capacity 6075K, committed 6184K, reserved 1048576K
}

